<?xml version="1.0" encoding="UTF-8"?>
<!-- Generated by org.testng.reporters.JUnitReportReporter -->
<testsuite hostname="DESKTOP-F7NSS7D" failures="0" tests="1" name="SumValidations" time="1.370" errors="0" timestamp="2021-08-31T21:26:08 IST" skipped="0">
  <testcase classname="SumValidations" name="sumOfCourses" time="1.370"/>
  <system-out/>
</testsuite> <!-- SumValidations -->
